This file contains any messages produced by compilers while
running configure, to aid debugging if configure makes a mistake.

It was created by degrib configure 2.15, which was
generated by GNU Autoconf 2.69.  Invocation command line was

  $ ./configure CFLAGS=-O3 -I/usr/local/opt/tcl-tk/include TCL_PREFIX=/usr/local/opt/tcl-tk TCL_VERSION=8.6

## --------- ##
## Platform. ##
## --------- ##

hostname = BELC02N51RWG3QN.sea.corp.expecn.com
uname -m = x86_64
uname -r = 17.7.0
uname -s = Darwin
uname -v = Darwin Kernel Version 17.7.0: Thu Jun 21 22:53:14 PDT 2018; root:xnu-4570.71.2~1/RELEASE_X86_64

/usr/bin/uname -p = i386
/bin/uname -X     = unknown

/bin/arch              = unknown
/usr/bin/arch -k       = unknown
/usr/convex/getsysinfo = unknown
/usr/bin/hostinfo      = Mach kernel version:
	 Darwin Kernel Version 17.7.0: Thu Jun 21 22:53:14 PDT 2018; root:xnu-4570.71.2~1/RELEASE_X86_64
Kernel configured for up to 8 processors.
4 processors are physically available.
8 processors are logically available.
Processor type: x86_64h (Intel x86-64h Haswell)
Processors active: 0 1 2 3 4 5 6 7
Primary memory available: 16.00 gigabytes
Default processor set: 411 tasks, 2475 threads, 8 processors
Load average: 3.02, Mach factor: 4.96
/bin/machine           = unknown
/usr/bin/oslevel       = unknown
/bin/universe          = unknown

PATH: /usr/local/opt/mongodb@3.2/bin
PATH: /Users/wchantry/.jenv/bin
PATH: /Users/wchantry/.nvm¬/versions/node/v10.7.0/bin
PATH: /usr/local/mysql/bin
PATH: /Library/perforce
PATH: /usr/local/mysql/bin
PATH: /usr/local/share/scala-2.11.8/bin
PATH: /usr/local/bin
PATH: /usr/bin
PATH: /bin
PATH: /usr/sbin
PATH: /sbin
PATH: /Users/wchantry/.rvm/gems/ruby-2.0.0-p647/bin
PATH: /Users/wchantry/.rvm/gems/ruby-2.0.0-p647@global/bin
PATH: /Users/wchantry/.rvm/rubies/ruby-2.0.0-p647/bin
PATH: /usr/local/bin
PATH: /usr/bin
PATH: /bin
PATH: /usr/sbin
PATH: /sbin
PATH: /usr/local/go/bin
PATH: /usr/local/munki
PATH: /opt/X11/bin
PATH: /Users/wchantry/.rvm/bin¬¬¬¬¬
PATH: /Users/wchantry/.rvm/bin


## ----------- ##
## Core tests. ##
## ----------- ##

configure:2327: checking build system type
configure:2341: result: i386-apple-darwin17.7.0
configure:2361: checking host system type
configure:2374: result: i386-apple-darwin17.7.0
configure:2444: checking for gcc
configure:2460: found /usr/bin/gcc
configure:2471: result: gcc
configure:2700: checking for C compiler version
configure:2709: gcc --version >&5
Apple LLVM version 10.0.0 (clang-1000.11.45.5)
Target: x86_64-apple-darwin17.7.0
Thread model: posix
InstalledDir: /Applications/Xcode.app/Contents/Developer/Toolchains/XcodeDefault.xctoolchain/usr/bin
Configured with: --prefix=/Applications/Xcode.app/Contents/Developer/usr --with-gxx-include-dir=/usr/include/c++/4.2.1
configure:2720: $? = 0
configure:2709: gcc -v >&5
Configured with: --prefix=/Applications/Xcode.app/Contents/Developer/usr --with-gxx-include-dir=/usr/include/c++/4.2.1
Apple LLVM version 10.0.0 (clang-1000.11.45.5)
Target: x86_64-apple-darwin17.7.0
Thread model: posix
InstalledDir: /Applications/Xcode.app/Contents/Developer/Toolchains/XcodeDefault.xctoolchain/usr/bin
configure:2720: $? = 0
configure:2709: gcc -V >&5
clang: error: argument to '-V' is missing (expected 1 value)
clang: error: no input files
configure:2720: $? = 1
configure:2709: gcc -qversion >&5
clang: error: unknown argument: '-qversion'
clang: error: no input files
configure:2720: $? = 1
configure:2740: checking whether the C compiler works
configure:2762: gcc -O3 -I/usr/local/opt/tcl-tk/include   conftest.c  >&5
configure:2766: $? = 0
configure:2814: result: yes
configure:2817: checking for C compiler default output file name
configure:2819: result: a.out
configure:2825: checking for suffix of executables
configure:2832: gcc -o conftest -O3 -I/usr/local/opt/tcl-tk/include   conftest.c  >&5
configure:2836: $? = 0
configure:2858: result: 
configure:2880: checking whether we are cross compiling
configure:2888: gcc -o conftest -O3 -I/usr/local/opt/tcl-tk/include   conftest.c  >&5
configure:2892: $? = 0
configure:2899: ./conftest
configure:2903: $? = 0
configure:2918: result: no
configure:2923: checking for suffix of object files
configure:2945: gcc -c -O3 -I/usr/local/opt/tcl-tk/include  conftest.c >&5
configure:2949: $? = 0
configure:2970: result: o
configure:2974: checking whether we are using the GNU C compiler
configure:2993: gcc -c -O3 -I/usr/local/opt/tcl-tk/include  conftest.c >&5
configure:2993: $? = 0
configure:3002: result: yes
configure:3011: checking whether gcc accepts -g
configure:3031: gcc -c -g  conftest.c >&5
configure:3031: $? = 0
configure:3072: result: yes
configure:3089: checking for gcc option to accept ISO C89
configure:3152: gcc  -c -O3 -I/usr/local/opt/tcl-tk/include  conftest.c >&5
configure:3152: $? = 0
configure:3165: result: none needed
configure:3199: checking for a BSD-compatible install
configure:3267: result: /usr/local/bin/ginstall -c
configure:3321: checking for ranlib
configure:3337: found /usr/bin/ranlib
configure:3348: result: ranlib
configure:3372: checking for ar
configure:3388: found /usr/bin/ar
configure:3400: result: ar
configure:3408: checking whether make sets $(MAKE)
configure:3430: result: yes
configure:3448: checking how to run the C preprocessor
configure:3479: gcc -E  conftest.c
configure:3479: $? = 0
configure:3493: gcc -E  conftest.c
conftest.c:9:10: fatal error: 'ac_nonexistent.h' file not found
#include <ac_nonexistent.h>
         ^~~~~~~~~~~~~~~~~~
1 error generated.
configure:3493: $? = 1
configure: failed program was:
| /* confdefs.h */
| #define PACKAGE_NAME "degrib"
| #define PACKAGE_TARNAME "degrib"
| #define PACKAGE_VERSION "2.15"
| #define PACKAGE_STRING "degrib 2.15"
| #define PACKAGE_BUGREPORT "arthur.taylor@noaa.gov"
| #define PACKAGE_URL ""
| /* end confdefs.h.  */
| #include <ac_nonexistent.h>
configure:3518: result: gcc -E
configure:3538: gcc -E  conftest.c
configure:3538: $? = 0
configure:3552: gcc -E  conftest.c
conftest.c:9:10: fatal error: 'ac_nonexistent.h' file not found
#include <ac_nonexistent.h>
         ^~~~~~~~~~~~~~~~~~
1 error generated.
configure:3552: $? = 1
configure: failed program was:
| /* confdefs.h */
| #define PACKAGE_NAME "degrib"
| #define PACKAGE_TARNAME "degrib"
| #define PACKAGE_VERSION "2.15"
| #define PACKAGE_STRING "degrib 2.15"
| #define PACKAGE_BUGREPORT "arthur.taylor@noaa.gov"
| #define PACKAGE_URL ""
| /* end confdefs.h.  */
| #include <ac_nonexistent.h>
configure:3581: checking for grep that handles long lines and -e
configure:3639: result: /usr/bin/grep
configure:3644: checking for egrep
configure:3706: result: /usr/bin/grep -E
configure:3711: checking for ANSI C header files
configure:3731: gcc -c -O3 -I/usr/local/opt/tcl-tk/include  conftest.c >&5
configure:3731: $? = 0
configure:3804: gcc -o conftest -O3 -I/usr/local/opt/tcl-tk/include   conftest.c  >&5
configure:3804: $? = 0
configure:3804: ./conftest
configure:3804: $? = 0
configure:3815: result: yes
configure:3828: checking for sys/types.h
configure:3828: gcc -c -O3 -I/usr/local/opt/tcl-tk/include  conftest.c >&5
configure:3828: $? = 0
configure:3828: result: yes
configure:3828: checking for sys/stat.h
configure:3828: gcc -c -O3 -I/usr/local/opt/tcl-tk/include  conftest.c >&5
configure:3828: $? = 0
configure:3828: result: yes
configure:3828: checking for stdlib.h
configure:3828: gcc -c -O3 -I/usr/local/opt/tcl-tk/include  conftest.c >&5
configure:3828: $? = 0
configure:3828: result: yes
configure:3828: checking for string.h
configure:3828: gcc -c -O3 -I/usr/local/opt/tcl-tk/include  conftest.c >&5
configure:3828: $? = 0
configure:3828: result: yes
configure:3828: checking for memory.h
configure:3828: gcc -c -O3 -I/usr/local/opt/tcl-tk/include  conftest.c >&5
configure:3828: $? = 0
configure:3828: result: yes
configure:3828: checking for strings.h
configure:3828: gcc -c -O3 -I/usr/local/opt/tcl-tk/include  conftest.c >&5
configure:3828: $? = 0
configure:3828: result: yes
configure:3828: checking for inttypes.h
configure:3828: gcc -c -O3 -I/usr/local/opt/tcl-tk/include  conftest.c >&5
configure:3828: $? = 0
configure:3828: result: yes
configure:3828: checking for stdint.h
configure:3828: gcc -c -O3 -I/usr/local/opt/tcl-tk/include  conftest.c >&5
configure:3828: $? = 0
configure:3828: result: yes
configure:3828: checking for unistd.h
configure:3828: gcc -c -O3 -I/usr/local/opt/tcl-tk/include  conftest.c >&5
configure:3828: $? = 0
configure:3828: result: yes
configure:3841: checking whether byte ordering is bigendian
configure:3856: gcc -c -O3 -I/usr/local/opt/tcl-tk/include  conftest.c >&5
configure:3856: $? = 0
configure:3901: gcc -c -O3 -I/usr/local/opt/tcl-tk/include  conftest.c >&5
configure:3901: $? = 0
configure:3919: gcc -c -O3 -I/usr/local/opt/tcl-tk/include  conftest.c >&5
conftest.c:26:4: error: use of undeclared identifier 'not'
                 not big endian
                 ^
1 error generated.
configure:3919: $? = 1
configure: failed program was:
| /* confdefs.h */
| #define PACKAGE_NAME "degrib"
| #define PACKAGE_TARNAME "degrib"
| #define PACKAGE_VERSION "2.15"
| #define PACKAGE_STRING "degrib 2.15"
| #define PACKAGE_BUGREPORT "arthur.taylor@noaa.gov"
| #define PACKAGE_URL ""
| #define STDC_HEADERS 1
| #define HAVE_SYS_TYPES_H 1
| #define HAVE_SYS_STAT_H 1
| #define HAVE_STDLIB_H 1
| #define HAVE_STRING_H 1
| #define HAVE_MEMORY_H 1
| #define HAVE_STRINGS_H 1
| #define HAVE_INTTYPES_H 1
| #define HAVE_STDINT_H 1
| #define HAVE_UNISTD_H 1
| /* end confdefs.h.  */
| #include <sys/types.h>
| 		#include <sys/param.h>
| 
| int
| main ()
| {
| #if BYTE_ORDER != BIG_ENDIAN
| 		 not big endian
| 		#endif
| 
|   ;
|   return 0;
| }
configure:4047: result: no
configure:4129: checking size of long int
configure:4134: gcc -o conftest -O3 -I/usr/local/opt/tcl-tk/include   conftest.c  >&5
configure:4134: $? = 0
configure:4134: ./conftest
configure:4134: $? = 0
configure:4148: result: 8
configure:4273: checking for strip
configure:4291: found /usr/bin/strip
configure:4304: result: /usr/bin/strip
configure:4391: checking for X
configure:4499: gcc -E  conftest.c
configure:4499: $? = 0
configure:4530: gcc -o conftest -O3 -I/usr/local/opt/tcl-tk/include -Wall -fsigned-char   conftest.c -lX11  >&5
conftest.c:24:1: warning: implicit declaration of function 'XrmInitialize' is invalid in C99 [-Wimplicit-function-declaration]
XrmInitialize ()
^
1 warning generated.
ld: library not found for -lX11
clang: error: linker command failed with exit code 1 (use -v to see invocation)
configure:4530: $? = 1
configure: failed program was:
| /* confdefs.h */
| #define PACKAGE_NAME "degrib"
| #define PACKAGE_TARNAME "degrib"
| #define PACKAGE_VERSION "2.15"
| #define PACKAGE_STRING "degrib 2.15"
| #define PACKAGE_BUGREPORT "arthur.taylor@noaa.gov"
| #define PACKAGE_URL ""
| #define STDC_HEADERS 1
| #define HAVE_SYS_TYPES_H 1
| #define HAVE_SYS_STAT_H 1
| #define HAVE_STDLIB_H 1
| #define HAVE_STRING_H 1
| #define HAVE_MEMORY_H 1
| #define HAVE_STRINGS_H 1
| #define HAVE_INTTYPES_H 1
| #define HAVE_STDINT_H 1
| #define HAVE_UNISTD_H 1
| #define SIZEOF_LONG_INT 8
| /* end confdefs.h.  */
| #include <X11/Xlib.h>
| int
| main ()
| {
| XrmInitialize ()
|   ;
|   return 0;
| }
configure:4580: result: libraries /usr/X11/lib, headers 
configure:4600: checking whether -R must be followed by a space
configure:4616: gcc -o conftest -O3 -I/usr/local/opt/tcl-tk/include -Wall -fsigned-char   conftest.c  -R/usr/X11/lib >&5
warning: unknown remark option '-R/usr/X11/lib' [-Wunknown-warning-option]
1 warning generated.
configure:4616: $? = 0
configure: failed program was:
| /* confdefs.h */
| #define PACKAGE_NAME "degrib"
| #define PACKAGE_TARNAME "degrib"
| #define PACKAGE_VERSION "2.15"
| #define PACKAGE_STRING "degrib 2.15"
| #define PACKAGE_BUGREPORT "arthur.taylor@noaa.gov"
| #define PACKAGE_URL ""
| #define STDC_HEADERS 1
| #define HAVE_SYS_TYPES_H 1
| #define HAVE_SYS_STAT_H 1
| #define HAVE_STDLIB_H 1
| #define HAVE_STRING_H 1
| #define HAVE_MEMORY_H 1
| #define HAVE_STRINGS_H 1
| #define HAVE_INTTYPES_H 1
| #define HAVE_STDINT_H 1
| #define HAVE_UNISTD_H 1
| #define SIZEOF_LONG_INT 8
| /* end confdefs.h.  */
| 
| int
| main ()
| {
| 
|   ;
|   return 0;
| }
configure:4633: gcc -o conftest -O3 -I/usr/local/opt/tcl-tk/include -Wall -fsigned-char   conftest.c  -R /usr/X11/lib >&5
warning: unknown remark option '-R' [-Wunknown-warning-option]
1 warning generated.
ld: can't map file, errno=22 file '/usr/X11/lib' for architecture x86_64
clang: error: unable to execute command: Segmentation fault: 11
clang: error: linker command failed due to signal (use -v to see invocation)
configure:4633: $? = 254
configure: failed program was:
| /* confdefs.h */
| #define PACKAGE_NAME "degrib"
| #define PACKAGE_TARNAME "degrib"
| #define PACKAGE_VERSION "2.15"
| #define PACKAGE_STRING "degrib 2.15"
| #define PACKAGE_BUGREPORT "arthur.taylor@noaa.gov"
| #define PACKAGE_URL ""
| #define STDC_HEADERS 1
| #define HAVE_SYS_TYPES_H 1
| #define HAVE_SYS_STAT_H 1
| #define HAVE_STDLIB_H 1
| #define HAVE_STRING_H 1
| #define HAVE_MEMORY_H 1
| #define HAVE_STRINGS_H 1
| #define HAVE_INTTYPES_H 1
| #define HAVE_STDINT_H 1
| #define HAVE_UNISTD_H 1
| #define SIZEOF_LONG_INT 8
| /* end confdefs.h.  */
| 
| int
| main ()
| {
| 
|   ;
|   return 0;
| }
configure:4638: result: neither works
configure:4679: gcc -o conftest -O3 -I/usr/local/opt/tcl-tk/include -Wall -fsigned-char   conftest.c   -L/usr/X11/lib -lX11 >&5
configure:4679: $? = 0
configure:4777: checking for gethostbyname
configure:4777: gcc -o conftest -O3 -I/usr/local/opt/tcl-tk/include -Wall -fsigned-char   conftest.c  >&5
configure:4777: $? = 0
configure:4777: result: yes
configure:4874: checking for connect
configure:4874: gcc -o conftest -O3 -I/usr/local/opt/tcl-tk/include -Wall -fsigned-char   conftest.c  >&5
configure:4874: $? = 0
configure:4874: result: yes
configure:4923: checking for remove
configure:4923: gcc -o conftest -O3 -I/usr/local/opt/tcl-tk/include -Wall -fsigned-char   conftest.c  >&5
configure:4923: $? = 0
configure:4923: result: yes
configure:4972: checking for shmat
configure:4972: gcc -o conftest -O3 -I/usr/local/opt/tcl-tk/include -Wall -fsigned-char   conftest.c  >&5
configure:4972: $? = 0
configure:4972: result: yes
configure:5030: checking for IceConnectionNumber in -lICE
configure:5055: gcc -o conftest -O3 -I/usr/local/opt/tcl-tk/include -Wall -fsigned-char   -L/usr/X11/lib conftest.c -lICE   >&5
configure:5055: $? = 0
configure:5064: result: yes
configure:5717: creating ./config.status

## ---------------------- ##
## Running config.status. ##
## ---------------------- ##

This file was extended by degrib config.status 2.15, which was
generated by GNU Autoconf 2.69.  Invocation command line was

  CONFIG_FILES    = 
  CONFIG_HEADERS  = 
  CONFIG_LINKS    = 
  CONFIG_COMMANDS = 
  $ ./config.status 

on BELC02N51RWG3QN.sea.corp.expecn.com

config.status:868: creating Makefile
config.status:868: creating zlib/Makefile
config.status:868: creating zlib/contrib/minizip/Makefile
config.status:868: creating libpng/Makefile
config.status:868: creating libaat/Makefile
config.status:868: creating mdl_g2c/Makefile
config.status:868: creating gd/Makefile
config.status:868: creating degrib/Makefile
config.status:868: creating xyz2shp/Makefile
config.status:868: creating gd/config.h
config.status:1043: gd/config.h is unchanged

## ---------------- ##
## Cache variables. ##
## ---------------- ##

ac_cv_build=i386-apple-darwin17.7.0
ac_cv_c_bigendian=no
ac_cv_c_compiler_gnu=yes
ac_cv_env_CC_set=
ac_cv_env_CC_value=
ac_cv_env_CFLAGS_set=set
ac_cv_env_CFLAGS_value='-O3 -I/usr/local/opt/tcl-tk/include'
ac_cv_env_CPPFLAGS_set=
ac_cv_env_CPPFLAGS_value=
ac_cv_env_CPP_set=
ac_cv_env_CPP_value=
ac_cv_env_LDFLAGS_set=
ac_cv_env_LDFLAGS_value=
ac_cv_env_LIBS_set=
ac_cv_env_LIBS_value=
ac_cv_env_TCL_PREFIX_set=set
ac_cv_env_TCL_PREFIX_value=/usr/local/opt/tcl-tk
ac_cv_env_TCL_VERSION_set=set
ac_cv_env_TCL_VERSION_value=8.6
ac_cv_env_TK_PREFIX_set=
ac_cv_env_TK_PREFIX_value=
ac_cv_env_XMKMF_set=
ac_cv_env_XMKMF_value=
ac_cv_env_build_alias_set=
ac_cv_env_build_alias_value=
ac_cv_env_host_alias_set=
ac_cv_env_host_alias_value=
ac_cv_env_target_alias_set=
ac_cv_env_target_alias_value=
ac_cv_func_connect=yes
ac_cv_func_gethostbyname=yes
ac_cv_func_remove=yes
ac_cv_func_shmat=yes
ac_cv_have_x='have_x=yes	ac_x_includes='\'''\''	ac_x_libraries='\''/usr/X11/lib'\'''
ac_cv_header_inttypes_h=yes
ac_cv_header_memory_h=yes
ac_cv_header_stdc=yes
ac_cv_header_stdint_h=yes
ac_cv_header_stdlib_h=yes
ac_cv_header_string_h=yes
ac_cv_header_strings_h=yes
ac_cv_header_sys_stat_h=yes
ac_cv_header_sys_types_h=yes
ac_cv_header_unistd_h=yes
ac_cv_host=i386-apple-darwin17.7.0
ac_cv_lib_ICE_IceConnectionNumber=yes
ac_cv_objext=o
ac_cv_path_EGREP='/usr/bin/grep -E'
ac_cv_path_GREP=/usr/bin/grep
ac_cv_path_STRIP=/usr/bin/strip
ac_cv_path_install='/usr/local/bin/ginstall -c'
ac_cv_prog_AR=ar
ac_cv_prog_CPP='gcc -E'
ac_cv_prog_ac_ct_CC=gcc
ac_cv_prog_ac_ct_RANLIB=ranlib
ac_cv_prog_cc_c89=
ac_cv_prog_cc_g=yes
ac_cv_prog_make_make_set=yes
ac_cv_sizeof_long_int=8

## ----------------- ##
## Output variables. ##
## ----------------- ##

ANSIFLAG='-pedantic'
AR='ar'
ARFLAGS=''
C99FLAG='-pedantic'
CC='gcc'
CFLAGS='-O3 -I/usr/local/opt/tcl-tk/include -Wall -fsigned-char'
CPP='gcc -E'
CPPFLAGS=''
DBAD_TCLSSH=''
DDEBUG=''
DEFS='-DHAVE_CONFIG_H'
DLLEXT='.so'
DLLFLAGS='-shared'
DSIZEOF_LONG_INT='-DSIZEOF_LONG_INT=8'
DWINDOWS='-D_UNIX_'
DWORDS_BIGENDIAN=''
DYNAMIC_LIB='-ldl'
ECHO_C='\c'
ECHO_N=''
ECHO_T=''
EGREP='/usr/bin/grep -E'
EXEEXT=''
GREP='/usr/bin/grep'
HALO_DEF=''
HALO_LIBDEP=''
HALO_STDINC=''
HALO_STDLIB=''
INSTALL_DATA='${INSTALL} -m 644'
INSTALL_PROGRAM='${INSTALL}'
INSTALL_SCRIPT='${INSTALL}'
JPEG2000_PATH='../jpeg2000/src/libjasper/include'
LDFLAGS=''
LD_FLAGS=''
LIBAAT_PATH='../libaat'
LIBOBJS=''
LIBPNG_PATH='../libpng'
LIBS=''
LTLIBOBJS=''
MEM_CLEAN=''
MEM_DEF=''
MEM_LIBDEP=''
MEM_NAME=''
MEM_STDINC=''
MEM_STDLIB=''
MINIZIP32=''
OBJECT_MODE=''
OBJEXT='o'
PACKAGE_BUGREPORT='arthur.taylor@noaa.gov'
PACKAGE_DATE='20171211'
PACKAGE_NAME='degrib'
PACKAGE_STRING='degrib 2.15'
PACKAGE_TARNAME='degrib'
PACKAGE_URL=''
PACKAGE_VERSION='2.15'
PATH_SEPARATOR=':'
PNGDEBUG=''
RANLIB='ranlib'
SET_MAKE=''
SHELL='/bin/sh'
STRIP='/usr/bin/strip'
STRIP_FLAGS='-SxX'
TCL_BINARY=''
TCL_LDFLAGS=''
TCL_LIBS='-L/usr/local/opt/tcl-tk/lib -ltcl8.6 -ltclstub8.6'
TCL_PREFIX='/usr/local/opt/tcl-tk'
TCL_VERSION='8.6'
TK_BINARY=''
TK_LDFLAGS=''
TK_LIBS='-L/usr/local/opt/tcl-tk/lib -ltk8.6 -ltkstub8.6'
TK_PREFIX='/usr/local/opt/tcl-tk'
XMKMF=''
X_CFLAGS=''
X_EXTRA_LIBS=''
X_LIBS=' -L/usr/X11/lib -lX11 -lXext'
X_PRE_LIBS=' -lSM -lICE'
ZLIB_DEBUG=''
ZLIB_PATH='../zlib'
ac_ct_CC='gcc'
bindir='${exec_prefix}/bin'
build='i386-apple-darwin17.7.0'
build_alias=''
build_cpu='i386'
build_os='darwin17.7.0'
build_vendor='apple'
datadir='${datarootdir}'
datarootdir='${prefix}/share'
docdir='${datarootdir}/doc/${PACKAGE_TARNAME}'
dvidir='${docdir}'
exec_prefix='${prefix}'
host='i386-apple-darwin17.7.0'
host_alias=''
host_cpu='i386'
host_os='darwin17.7.0'
host_vendor='apple'
htmldir='${docdir}'
includedir='${prefix}/include'
infodir='${datarootdir}/info'
libdir='${exec_prefix}/lib'
libexecdir='${exec_prefix}/libexec'
localedir='${datarootdir}/locale'
localstatedir='${prefix}/var'
mandir='${datarootdir}/man'
oldincludedir='/usr/include'
pdfdir='${docdir}'
prefix='/usr/local'
program_transform_name='s,x,x,'
psdir='${docdir}'
sbindir='${exec_prefix}/sbin'
sharedstatedir='${prefix}/com'
sysconfdir='${prefix}/etc'
target_alias=''

## ----------- ##
## confdefs.h. ##
## ----------- ##

/* confdefs.h */
#define PACKAGE_NAME "degrib"
#define PACKAGE_TARNAME "degrib"
#define PACKAGE_VERSION "2.15"
#define PACKAGE_STRING "degrib 2.15"
#define PACKAGE_BUGREPORT "arthur.taylor@noaa.gov"
#define PACKAGE_URL ""
#define STDC_HEADERS 1
#define HAVE_SYS_TYPES_H 1
#define HAVE_SYS_STAT_H 1
#define HAVE_STDLIB_H 1
#define HAVE_STRING_H 1
#define HAVE_MEMORY_H 1
#define HAVE_STRINGS_H 1
#define HAVE_INTTYPES_H 1
#define HAVE_STDINT_H 1
#define HAVE_UNISTD_H 1
#define SIZEOF_LONG_INT 8

configure: exit 0
